[04:04:04] Still watching.
[04:04:04] Still watching.
[04:04:04] Still watching.
[04:04:04] Still watching.
[04:04:04] Still watching.
[04:04:04] Still watching.
[04:04:04] Still watching.
[04:04:04] Still watching.
[04:04:04] Still watching.
[04:04:04] Still watching.
[04:04:04] Still watching.
[04:04:04] Still watching.
[04:04:04] Still watching.# flick 20250409213556-wzmh
# flick 20250409214203-bI8O
# flick 20250409214618-phNV
# flick 20250409220131-1ZDd
# flick 20250409230605-pLGS
# flick 20250409231147-nESy
# flick 20250409234311-N6Da
# flick 20250410004429-HXkA
